<?xml version="1.0" encoding="UTF-8"?>
<!-- Generated by org.testng.reporters.JUnitReportReporter -->
<testsuite hostname="LIN-5CG1347H2P" failures="0" tests="1" name="StepDefinitions.login" time="25.185" errors="0" timestamp="2024-04-01T10:27:35 IST" skipped="0">
  <testcase classname="StepDefinitions.login" name="i_want_to_login_the_website" time="25.185"/>
  <system-out/>
</testsuite> <!-- StepDefinitions.login -->
